<?xml version="1.0" encoding="UTF-8"?>
<testsuite name="JobTest" tests="2" skipped="0" failures="0" errors="0" timestamp="2020-09-15T23:47:10" hostname="AMAC02XW0ZHJG5M" time="0.002">
  <properties/>
  <testcase name="shouldNotHaveStartTimeEarlierThanFivePM" classname="JobTest" time="0.001"/>
  <testcase name="shouldNotHaveEndTimeAfterFourAM" classname="JobTest" time="0.001"/>
  <system-out><![CDATA[]]></system-out>
  <system-err><![CDATA[]]></system-err>
</testsuite>
